<?xml version="1.0" encoding="UTF-8"?>
<!-- Generated by org.testng.reporters.JUnitReportReporter -->
<testsuite hostname="Admin-PC" name="practice.day1" tests="1" failures="0" timestamp="28 Jul 2020 07:56:00 GMT" time="0.025" errors="0">
  <testcase name="Demo" time="0.025" classname="practice.day1"/>
</testsuite> <!-- practice.day1 -->
