<?xml version="1.0" encoding="UTF-8"?>
<!-- Generated by org.testng.reporters.JUnitReportReporter -->
<testsuite hostname="Admin-PC" name="practice.day2" tests="1" failures="0" timestamp="28 Jul 2020 07:56:00 GMT" time="0.005" errors="0">
  <testcase name="ploan" time="0.005" classname="practice.day2"/>
</testsuite> <!-- practice.day2 -->
