<?xml version="1.0" encoding="UTF-8"?>
<!-- Generated by org.testng.reporters.JUnitReportReporter -->
<testsuite hostname="Admin-PC" name="practice.day4" tests="3" failures="0" timestamp="28 Jul 2020 07:56:00 GMT" time="0.007" errors="0">
  <testcase name="MobileloginHomeloan" time="0.003" classname="practice.day4"/>
  <testcase name="webloginHomeloan" time="0.002" classname="practice.day4"/>
  <testcase name="LoginAPIHomeLoan" time="0.002" classname="practice.day4"/>
</testsuite> <!-- practice.day4 -->
